[2026-01-05T15:47:35.569Z] Screenshot Error: Incorrect datetime value: '2026-01-05T15:47:35.544Z' for column 'screenshot_time' at row 1
Stack: Error: Incorrect datetime value: '2026-01-05T15:47:35.544Z' for column 'screenshot_time' at row 1
    at PromisePool.query (C:\Users\Admin\Desktop\attendance\backend-server\node_modules\mysql2\lib\promise\pool.js:36:22)
    at Object.query (C:\Users\Admin\Desktop\attendance\backend-server\src\config\database.js:34:34)
    at exports.saveScreenshotMetadata (C:\Users\Admin\Desktop\attendance\backend-server\src\services\screenshot.service.js:54:14)
    at C:\Users\Admin\Desktop\attendance\backend-server\src\controllers\screenshot.controller.js:67:51
    at done (C:\Users\Admin\Desktop\attendance\backend-server\node_modules\multer\lib\make-middleware.js:47:7)
    at indicateDone (C:\Users\Admin\Desktop\attendance\backend-server\node_modules\multer\lib\make-middleware.js:51:68)
    at C:\Users\Admin\Desktop\attendance\backend-server\node_modules\multer\lib\make-middleware.js:157:11
    at WriteStream.<anonymous> (C:\Users\Admin\Desktop\attendance\backend-server\node_modules\multer\storage\disk.js:43:9)
    at WriteStream.emit (node:events:520:35)
    at finish (node:internal/streams/writable:953:10)
[2026-01-05T15:48:02.064Z] Screenshot Error: Incorrect datetime value: '2026-01-05T15:48:02.051Z' for column 'screenshot_time' at row 1
Stack: Error: Incorrect datetime value: '2026-01-05T15:48:02.051Z' for column 'screenshot_time' at row 1
    at PromisePool.query (C:\Users\Admin\Desktop\attendance\backend-server\node_modules\mysql2\lib\promise\pool.js:36:22)
    at Object.query (C:\Users\Admin\Desktop\attendance\backend-server\src\config\database.js:34:34)
    at exports.saveScreenshotMetadata (C:\Users\Admin\Desktop\attendance\backend-server\src\services\screenshot.service.js:54:14)
    at C:\Users\Admin\Desktop\attendance\backend-server\src\controllers\screenshot.controller.js:67:51
    at done (C:\Users\Admin\Desktop\attendance\backend-server\node_modules\multer\lib\make-middleware.js:47:7)
    at indicateDone (C:\Users\Admin\Desktop\attendance\backend-server\node_modules\multer\lib\make-middleware.js:51:68)
    at C:\Users\Admin\Desktop\attendance\backend-server\node_modules\multer\lib\make-middleware.js:157:11
    at WriteStream.<anonymous> (C:\Users\Admin\Desktop\attendance\backend-server\node_modules\multer\storage\disk.js:43:9)
    at WriteStream.emit (node:events:520:35)
    at finish (node:internal/streams/writable:953:10)
[2026-01-05T16:08:40.000Z] Report Summary Error: Unknown column 'late_status' in 'field list'
Stack: Error: Unknown column 'late_status' in 'field list'
    at PromisePool.query (C:\Users\Admin\Desktop\attendance\backend-server\node_modules\mysql2\lib\promise\pool.js:36:22)
    at Object.query (C:\Users\Admin\Desktop\attendance\backend-server\src\config\database.js:34:34)
    at exports.getSummaryStats (C:\Users\Admin\Desktop\attendance\backend-server\src\controllers\report.controller.js:97:34)
    at Layer.handle [as handle_request] (C:\Users\Admin\Desktop\attendance\backend-server\node_modules\express\lib\router\layer.js:95:5)
    at next (C:\Users\Admin\Desktop\attendance\backend-server\node_modules\express\lib\router\route.js:149:13)
    at exports.authenticate (C:\Users\Admin\Desktop\attendance\backend-server\src\middleware\auth.middleware.js:17:5)
    at Layer.handle [as handle_request] (C:\Users\Admin\Desktop\attendance\backend-server\node_modules\express\lib\router\layer.js:95:5)
    at next (C:\Users\Admin\Desktop\attendance\backend-server\node_modules\express\lib\router\route.js:149:13)
    at Route.dispatch (C:\Users\Admin\Desktop\attendance\backend-server\node_modules\express\lib\router\route.js:119:3)
    at Layer.handle [as handle_request] (C:\Users\Admin\Desktop\attendance\backend-server\node_modules\express\lib\router\layer.js:95:5)
[2026-01-05T16:08:40.021Z] Report Attendance Error: Unknown column 'e.name' in 'field list'
Stack: Error: Unknown column 'e.name' in 'field list'
    at PromisePool.query (C:\Users\Admin\Desktop\attendance\backend-server\node_modules\mysql2\lib\promise\pool.js:36:22)
    at Object.query (C:\Users\Admin\Desktop\attendance\backend-server\src\config\database.js:34:34)
    at exports.getAttendanceReport (C:\Users\Admin\Desktop\attendance\backend-server\src\controllers\report.controller.js:47:33)
    at Layer.handle [as handle_request] (C:\Users\Admin\Desktop\attendance\backend-server\node_modules\express\lib\router\layer.js:95:5)
    at next (C:\Users\Admin\Desktop\attendance\backend-server\node_modules\express\lib\router\route.js:149:13)
    at exports.authenticate (C:\Users\Admin\Desktop\attendance\backend-server\src\middleware\auth.middleware.js:17:5)
    at Layer.handle [as handle_request] (C:\Users\Admin\Desktop\attendance\backend-server\node_modules\express\lib\router\layer.js:95:5)
    at next (C:\Users\Admin\Desktop\attendance\backend-server\node_modules\express\lib\router\route.js:149:13)
    at Route.dispatch (C:\Users\Admin\Desktop\attendance\backend-server\node_modules\express\lib\router\route.js:119:3)
    at Layer.handle [as handle_request] (C:\Users\Admin\Desktop\attendance\backend-server\node_modules\express\lib\router\layer.js:95:5)
[2026-01-05T16:08:40.038Z] Report Summary Error: Unknown column 'late_status' in 'field list'
Stack: Error: Unknown column 'late_status' in 'field list'
    at PromisePool.query (C:\Users\Admin\Desktop\attendance\backend-server\node_modules\mysql2\lib\promise\pool.js:36:22)
    at Object.query (C:\Users\Admin\Desktop\attendance\backend-server\src\config\database.js:34:34)
    at exports.getSummaryStats (C:\Users\Admin\Desktop\attendance\backend-server\src\controllers\report.controller.js:97:34)
    at Layer.handle [as handle_request] (C:\Users\Admin\Desktop\attendance\backend-server\node_modules\express\lib\router\layer.js:95:5)
    at next (C:\Users\Admin\Desktop\attendance\backend-server\node_modules\express\lib\router\route.js:149:13)
    at exports.authenticate (C:\Users\Admin\Desktop\attendance\backend-server\src\middleware\auth.middleware.js:17:5)
    at Layer.handle [as handle_request] (C:\Users\Admin\Desktop\attendance\backend-server\node_modules\express\lib\router\layer.js:95:5)
    at next (C:\Users\Admin\Desktop\attendance\backend-server\node_modules\express\lib\router\route.js:149:13)
    at Route.dispatch (C:\Users\Admin\Desktop\attendance\backend-server\node_modules\express\lib\router\route.js:119:3)
    at Layer.handle [as handle_request] (C:\Users\Admin\Desktop\attendance\backend-server\node_modules\express\lib\router\layer.js:95:5)
[2026-01-05T16:08:40.059Z] Report Attendance Error: Unknown column 'e.name' in 'field list'
Stack: Error: Unknown column 'e.name' in 'field list'
    at PromisePool.query (C:\Users\Admin\Desktop\attendance\backend-server\node_modules\mysql2\lib\promise\pool.js:36:22)
    at Object.query (C:\Users\Admin\Desktop\attendance\backend-server\src\config\database.js:34:34)
    at exports.getAttendanceReport (C:\Users\Admin\Desktop\attendance\backend-server\src\controllers\report.controller.js:47:33)
    at Layer.handle [as handle_request] (C:\Users\Admin\Desktop\attendance\backend-server\node_modules\express\lib\router\layer.js:95:5)
    at next (C:\Users\Admin\Desktop\attendance\backend-server\node_modules\express\lib\router\route.js:149:13)
    at exports.authenticate (C:\Users\Admin\Desktop\attendance\backend-server\src\middleware\auth.middleware.js:17:5)
    at Layer.handle [as handle_request] (C:\Users\Admin\Desktop\attendance\backend-server\node_modules\express\lib\router\layer.js:95:5)
    at next (C:\Users\Admin\Desktop\attendance\backend-server\node_modules\express\lib\router\route.js:149:13)
    at Route.dispatch (C:\Users\Admin\Desktop\attendance\backend-server\node_modules\express\lib\router\route.js:119:3)
    at Layer.handle [as handle_request] (C:\Users\Admin\Desktop\attendance\backend-server\node_modules\express\lib\router\layer.js:95:5)
[2026-01-05T16:08:40.508Z] Report Summary Error: Unknown column 'late_status' in 'field list'
Stack: Error: Unknown column 'late_status' in 'field list'
    at PromisePool.query (C:\Users\Admin\Desktop\attendance\backend-server\node_modules\mysql2\lib\promise\pool.js:36:22)
    at Object.query (C:\Users\Admin\Desktop\attendance\backend-server\src\config\database.js:34:34)
    at exports.getSummaryStats (C:\Users\Admin\Desktop\attendance\backend-server\src\controllers\report.controller.js:97:34)
    at Layer.handle [as handle_request] (C:\Users\Admin\Desktop\attendance\backend-server\node_modules\express\lib\router\layer.js:95:5)
    at next (C:\Users\Admin\Desktop\attendance\backend-server\node_modules\express\lib\router\route.js:149:13)
    at exports.authenticate (C:\Users\Admin\Desktop\attendance\backend-server\src\middleware\auth.middleware.js:17:5)
    at Layer.handle [as handle_request] (C:\Users\Admin\Desktop\attendance\backend-server\node_modules\express\lib\router\layer.js:95:5)
    at next (C:\Users\Admin\Desktop\attendance\backend-server\node_modules\express\lib\router\route.js:149:13)
    at Route.dispatch (C:\Users\Admin\Desktop\attendance\backend-server\node_modules\express\lib\router\route.js:119:3)
    at Layer.handle [as handle_request] (C:\Users\Admin\Desktop\attendance\backend-server\node_modules\express\lib\router\layer.js:95:5)
[2026-01-05T16:08:40.527Z] Report Attendance Error: Unknown column 'e.name' in 'field list'
Stack: Error: Unknown column 'e.name' in 'field list'
    at PromisePool.query (C:\Users\Admin\Desktop\attendance\backend-server\node_modules\mysql2\lib\promise\pool.js:36:22)
    at Object.query (C:\Users\Admin\Desktop\attendance\backend-server\src\config\database.js:34:34)
    at exports.getAttendanceReport (C:\Users\Admin\Desktop\attendance\backend-server\src\controllers\report.controller.js:47:33)
    at Layer.handle [as handle_request] (C:\Users\Admin\Desktop\attendance\backend-server\node_modules\express\lib\router\layer.js:95:5)
    at next (C:\Users\Admin\Desktop\attendance\backend-server\node_modules\express\lib\router\route.js:149:13)
    at exports.authenticate (C:\Users\Admin\Desktop\attendance\backend-server\src\middleware\auth.middleware.js:17:5)
    at Layer.handle [as handle_request] (C:\Users\Admin\Desktop\attendance\backend-server\node_modules\express\lib\router\layer.js:95:5)
    at next (C:\Users\Admin\Desktop\attendance\backend-server\node_modules\express\lib\router\route.js:149:13)
    at Route.dispatch (C:\Users\Admin\Desktop\attendance\backend-server\node_modules\express\lib\router\route.js:119:3)
    at Layer.handle [as handle_request] (C:\Users\Admin\Desktop\attendance\backend-server\node_modules\express\lib\router\layer.js:95:5)
[2026-01-05T16:08:40.567Z] Report Summary Error: Unknown column 'late_status' in 'field list'
Stack: Error: Unknown column 'late_status' in 'field list'
    at PromisePool.query (C:\Users\Admin\Desktop\attendance\backend-server\node_modules\mysql2\lib\promise\pool.js:36:22)
    at Object.query (C:\Users\Admin\Desktop\attendance\backend-server\src\config\database.js:34:34)
    at exports.getSummaryStats (C:\Users\Admin\Desktop\attendance\backend-server\src\controllers\report.controller.js:97:34)
    at Layer.handle [as handle_request] (C:\Users\Admin\Desktop\attendance\backend-server\node_modules\express\lib\router\layer.js:95:5)
    at next (C:\Users\Admin\Desktop\attendance\backend-server\node_modules\express\lib\router\route.js:149:13)
    at exports.authenticate (C:\Users\Admin\Desktop\attendance\backend-server\src\middleware\auth.middleware.js:17:5)
    at Layer.handle [as handle_request] (C:\Users\Admin\Desktop\attendance\backend-server\node_modules\express\lib\router\layer.js:95:5)
    at next (C:\Users\Admin\Desktop\attendance\backend-server\node_modules\express\lib\router\route.js:149:13)
    at Route.dispatch (C:\Users\Admin\Desktop\attendance\backend-server\node_modules\express\lib\router\route.js:119:3)
    at Layer.handle [as handle_request] (C:\Users\Admin\Desktop\attendance\backend-server\node_modules\express\lib\router\layer.js:95:5)
[2026-01-05T16:08:40.610Z] Report Attendance Error: Unknown column 'e.name' in 'field list'
Stack: Error: Unknown column 'e.name' in 'field list'
    at PromisePool.query (C:\Users\Admin\Desktop\attendance\backend-server\node_modules\mysql2\lib\promise\pool.js:36:22)
    at Object.query (C:\Users\Admin\Desktop\attendance\backend-server\src\config\database.js:34:34)
    at exports.getAttendanceReport (C:\Users\Admin\Desktop\attendance\backend-server\src\controllers\report.controller.js:47:33)
    at Layer.handle [as handle_request] (C:\Users\Admin\Desktop\attendance\backend-server\node_modules\express\lib\router\layer.js:95:5)
    at next (C:\Users\Admin\Desktop\attendance\backend-server\node_modules\express\lib\router\route.js:149:13)
    at exports.authenticate (C:\Users\Admin\Desktop\attendance\backend-server\src\middleware\auth.middleware.js:17:5)
    at Layer.handle [as handle_request] (C:\Users\Admin\Desktop\attendance\backend-server\node_modules\express\lib\router\layer.js:95:5)
    at next (C:\Users\Admin\Desktop\attendance\backend-server\node_modules\express\lib\router\route.js:149:13)
    at Route.dispatch (C:\Users\Admin\Desktop\attendance\backend-server\node_modules\express\lib\router\route.js:119:3)
    at Layer.handle [as handle_request] (C:\Users\Admin\Desktop\attendance\backend-server\node_modules\express\lib\router\layer.js:95:5)
[2026-01-05T16:08:55.371Z] Report Summary Error: Unknown column 'late_status' in 'field list'
Stack: Error: Unknown column 'late_status' in 'field list'
    at PromisePool.query (C:\Users\Admin\Desktop\attendance\backend-server\node_modules\mysql2\lib\promise\pool.js:36:22)
    at Object.query (C:\Users\Admin\Desktop\attendance\backend-server\src\config\database.js:34:34)
    at exports.getSummaryStats (C:\Users\Admin\Desktop\attendance\backend-server\src\controllers\report.controller.js:97:34)
    at Layer.handle [as handle_request] (C:\Users\Admin\Desktop\attendance\backend-server\node_modules\express\lib\router\layer.js:95:5)
    at next (C:\Users\Admin\Desktop\attendance\backend-server\node_modules\express\lib\router\route.js:149:13)
    at exports.authenticate (C:\Users\Admin\Desktop\attendance\backend-server\src\middleware\auth.middleware.js:17:5)
    at Layer.handle [as handle_request] (C:\Users\Admin\Desktop\attendance\backend-server\node_modules\express\lib\router\layer.js:95:5)
    at next (C:\Users\Admin\Desktop\attendance\backend-server\node_modules\express\lib\router\route.js:149:13)
    at Route.dispatch (C:\Users\Admin\Desktop\attendance\backend-server\node_modules\express\lib\router\route.js:119:3)
    at Layer.handle [as handle_request] (C:\Users\Admin\Desktop\attendance\backend-server\node_modules\express\lib\router\layer.js:95:5)
[2026-01-05T16:08:55.381Z] Report Attendance Error: Unknown column 'e.name' in 'field list'
Stack: Error: Unknown column 'e.name' in 'field list'
    at PromisePool.query (C:\Users\Admin\Desktop\attendance\backend-server\node_modules\mysql2\lib\promise\pool.js:36:22)
    at Object.query (C:\Users\Admin\Desktop\attendance\backend-server\src\config\database.js:34:34)
    at exports.getAttendanceReport (C:\Users\Admin\Desktop\attendance\backend-server\src\controllers\report.controller.js:47:33)
    at Layer.handle [as handle_request] (C:\Users\Admin\Desktop\attendance\backend-server\node_modules\express\lib\router\layer.js:95:5)
    at next (C:\Users\Admin\Desktop\attendance\backend-server\node_modules\express\lib\router\route.js:149:13)
    at exports.authenticate (C:\Users\Admin\Desktop\attendance\backend-server\src\middleware\auth.middleware.js:17:5)
    at Layer.handle [as handle_request] (C:\Users\Admin\Desktop\attendance\backend-server\node_modules\express\lib\router\layer.js:95:5)
    at next (C:\Users\Admin\Desktop\attendance\backend-server\node_modules\express\lib\router\route.js:149:13)
    at Route.dispatch (C:\Users\Admin\Desktop\attendance\backend-server\node_modules\express\lib\router\route.js:119:3)
    at Layer.handle [as handle_request] (C:\Users\Admin\Desktop\attendance\backend-server\node_modules\express\lib\router\layer.js:95:5)
[2026-01-05T16:08:55.398Z] Report Summary Error: Unknown column 'late_status' in 'field list'
Stack: Error: Unknown column 'late_status' in 'field list'
    at PromisePool.query (C:\Users\Admin\Desktop\attendance\backend-server\node_modules\mysql2\lib\promise\pool.js:36:22)
    at Object.query (C:\Users\Admin\Desktop\attendance\backend-server\src\config\database.js:34:34)
    at exports.getSummaryStats (C:\Users\Admin\Desktop\attendance\backend-server\src\controllers\report.controller.js:97:34)
    at Layer.handle [as handle_request] (C:\Users\Admin\Desktop\attendance\backend-server\node_modules\express\lib\router\layer.js:95:5)
    at next (C:\Users\Admin\Desktop\attendance\backend-server\node_modules\express\lib\router\route.js:149:13)
    at exports.authenticate (C:\Users\Admin\Desktop\attendance\backend-server\src\middleware\auth.middleware.js:17:5)
    at Layer.handle [as handle_request] (C:\Users\Admin\Desktop\attendance\backend-server\node_modules\express\lib\router\layer.js:95:5)
    at next (C:\Users\Admin\Desktop\attendance\backend-server\node_modules\express\lib\router\route.js:149:13)
    at Route.dispatch (C:\Users\Admin\Desktop\attendance\backend-server\node_modules\express\lib\router\route.js:119:3)
    at Layer.handle [as handle_request] (C:\Users\Admin\Desktop\attendance\backend-server\node_modules\express\lib\router\layer.js:95:5)
[2026-01-05T16:08:55.410Z] Report Attendance Error: Unknown column 'e.name' in 'field list'
Stack: Error: Unknown column 'e.name' in 'field list'
    at PromisePool.query (C:\Users\Admin\Desktop\attendance\backend-server\node_modules\mysql2\lib\promise\pool.js:36:22)
    at Object.query (C:\Users\Admin\Desktop\attendance\backend-server\src\config\database.js:34:34)
    at exports.getAttendanceReport (C:\Users\Admin\Desktop\attendance\backend-server\src\controllers\report.controller.js:47:33)
    at Layer.handle [as handle_request] (C:\Users\Admin\Desktop\attendance\backend-server\node_modules\express\lib\router\layer.js:95:5)
    at next (C:\Users\Admin\Desktop\attendance\backend-server\node_modules\express\lib\router\route.js:149:13)
    at exports.authenticate (C:\Users\Admin\Desktop\attendance\backend-server\src\middleware\auth.middleware.js:17:5)
    at Layer.handle [as handle_request] (C:\Users\Admin\Desktop\attendance\backend-server\node_modules\express\lib\router\layer.js:95:5)
    at next (C:\Users\Admin\Desktop\attendance\backend-server\node_modules\express\lib\router\route.js:149:13)
    at Route.dispatch (C:\Users\Admin\Desktop\attendance\backend-server\node_modules\express\lib\router\route.js:119:3)
    at Layer.handle [as handle_request] (C:\Users\Admin\Desktop\attendance\backend-server\node_modules\express\lib\router\layer.js:95:5)
[2026-01-05T16:10:07.199Z] Report Summary Error: Unknown column 'clock_in_time' in 'field list'
Stack: Error: Unknown column 'clock_in_time' in 'field list'
    at PromisePool.query (C:\Users\Admin\Desktop\attendance\backend-server\node_modules\mysql2\lib\promise\pool.js:36:22)
    at Object.query (C:\Users\Admin\Desktop\attendance\backend-server\src\config\database.js:34:34)
    at exports.getSummaryStats (C:\Users\Admin\Desktop\attendance\backend-server\src\controllers\report.controller.js:100:34)
    at Layer.handle [as handle_request] (C:\Users\Admin\Desktop\attendance\backend-server\node_modules\express\lib\router\layer.js:95:5)
    at next (C:\Users\Admin\Desktop\attendance\backend-server\node_modules\express\lib\router\route.js:149:13)
    at exports.authenticate (C:\Users\Admin\Desktop\attendance\backend-server\src\middleware\auth.middleware.js:17:5)
    at Layer.handle [as handle_request] (C:\Users\Admin\Desktop\attendance\backend-server\node_modules\express\lib\router\layer.js:95:5)
    at next (C:\Users\Admin\Desktop\attendance\backend-server\node_modules\express\lib\router\route.js:149:13)
    at Route.dispatch (C:\Users\Admin\Desktop\attendance\backend-server\node_modules\express\lib\router\route.js:119:3)
    at Layer.handle [as handle_request] (C:\Users\Admin\Desktop\attendance\backend-server\node_modules\express\lib\router\layer.js:95:5)
[2026-01-05T16:10:07.247Z] Report Summary Error: Unknown column 'clock_in_time' in 'field list'
Stack: Error: Unknown column 'clock_in_time' in 'field list'
    at PromisePool.query (C:\Users\Admin\Desktop\attendance\backend-server\node_modules\mysql2\lib\promise\pool.js:36:22)
    at Object.query (C:\Users\Admin\Desktop\attendance\backend-server\src\config\database.js:34:34)
    at exports.getSummaryStats (C:\Users\Admin\Desktop\attendance\backend-server\src\controllers\report.controller.js:100:34)
    at Layer.handle [as handle_request] (C:\Users\Admin\Desktop\attendance\backend-server\node_modules\express\lib\router\layer.js:95:5)
    at next (C:\Users\Admin\Desktop\attendance\backend-server\node_modules\express\lib\router\route.js:149:13)
    at exports.authenticate (C:\Users\Admin\Desktop\attendance\backend-server\src\middleware\auth.middleware.js:17:5)
    at Layer.handle [as handle_request] (C:\Users\Admin\Desktop\attendance\backend-server\node_modules\express\lib\router\layer.js:95:5)
    at next (C:\Users\Admin\Desktop\attendance\backend-server\node_modules\express\lib\router\route.js:149:13)
    at Route.dispatch (C:\Users\Admin\Desktop\attendance\backend-server\node_modules\express\lib\router\route.js:119:3)
    at Layer.handle [as handle_request] (C:\Users\Admin\Desktop\attendance\backend-server\node_modules\express\lib\router\layer.js:95:5)
[2026-01-05T16:10:07.272Z] Report Attendance Error: Unknown column 'e.department' in 'field list'
Stack: Error: Unknown column 'e.department' in 'field list'
    at PromisePool.query (C:\Users\Admin\Desktop\attendance\backend-server\node_modules\mysql2\lib\promise\pool.js:36:22)
    at Object.query (C:\Users\Admin\Desktop\attendance\backend-server\src\config\database.js:34:34)
    at exports.getAttendanceReport (C:\Users\Admin\Desktop\attendance\backend-server\src\controllers\report.controller.js:50:33)
    at Layer.handle [as handle_request] (C:\Users\Admin\Desktop\attendance\backend-server\node_modules\express\lib\router\layer.js:95:5)
    at next (C:\Users\Admin\Desktop\attendance\backend-server\node_modules\express\lib\router\route.js:149:13)
    at exports.authenticate (C:\Users\Admin\Desktop\attendance\backend-server\src\middleware\auth.middleware.js:17:5)
    at Layer.handle [as handle_request] (C:\Users\Admin\Desktop\attendance\backend-server\node_modules\express\lib\router\layer.js:95:5)
    at next (C:\Users\Admin\Desktop\attendance\backend-server\node_modules\express\lib\router\route.js:149:13)
    at Route.dispatch (C:\Users\Admin\Desktop\attendance\backend-server\node_modules\express\lib\router\route.js:119:3)
    at Layer.handle [as handle_request] (C:\Users\Admin\Desktop\attendance\backend-server\node_modules\express\lib\router\layer.js:95:5)
[2026-01-05T16:10:07.304Z] Report Attendance Error: Unknown column 'e.department' in 'field list'
Stack: Error: Unknown column 'e.department' in 'field list'
    at PromisePool.query (C:\Users\Admin\Desktop\attendance\backend-server\node_modules\mysql2\lib\promise\pool.js:36:22)
    at Object.query (C:\Users\Admin\Desktop\attendance\backend-server\src\config\database.js:34:34)
    at exports.getAttendanceReport (C:\Users\Admin\Desktop\attendance\backend-server\src\controllers\report.controller.js:50:33)
    at Layer.handle [as handle_request] (C:\Users\Admin\Desktop\attendance\backend-server\node_modules\express\lib\router\layer.js:95:5)
    at next (C:\Users\Admin\Desktop\attendance\backend-server\node_modules\express\lib\router\route.js:149:13)
    at exports.authenticate (C:\Users\Admin\Desktop\attendance\backend-server\src\middleware\auth.middleware.js:17:5)
    at Layer.handle [as handle_request] (C:\Users\Admin\Desktop\attendance\backend-server\node_modules\express\lib\router\layer.js:95:5)
    at next (C:\Users\Admin\Desktop\attendance\backend-server\node_modules\express\lib\router\route.js:149:13)
    at Route.dispatch (C:\Users\Admin\Desktop\attendance\backend-server\node_modules\express\lib\router\route.js:119:3)
    at Layer.handle [as handle_request] (C:\Users\Admin\Desktop\attendance\backend-server\node_modules\express\lib\router\layer.js:95:5)
[2026-01-05T16:10:41.370Z] Report Summary Error: Unknown column 'clock_in_time' in 'field list'
Stack: Error: Unknown column 'clock_in_time' in 'field list'
    at PromisePool.query (C:\Users\Admin\Desktop\attendance\backend-server\node_modules\mysql2\lib\promise\pool.js:36:22)
    at Object.query (C:\Users\Admin\Desktop\attendance\backend-server\src\config\database.js:34:34)
    at exports.getSummaryStats (C:\Users\Admin\Desktop\attendance\backend-server\src\controllers\report.controller.js:100:34)
    at Layer.handle [as handle_request] (C:\Users\Admin\Desktop\attendance\backend-server\node_modules\express\lib\router\layer.js:95:5)
    at next (C:\Users\Admin\Desktop\attendance\backend-server\node_modules\express\lib\router\route.js:149:13)
    at exports.authenticate (C:\Users\Admin\Desktop\attendance\backend-server\src\middleware\auth.middleware.js:17:5)
    at Layer.handle [as handle_request] (C:\Users\Admin\Desktop\attendance\backend-server\node_modules\express\lib\router\layer.js:95:5)
    at next (C:\Users\Admin\Desktop\attendance\backend-server\node_modules\express\lib\router\route.js:149:13)
    at Route.dispatch (C:\Users\Admin\Desktop\attendance\backend-server\node_modules\express\lib\router\route.js:119:3)
    at Layer.handle [as handle_request] (C:\Users\Admin\Desktop\attendance\backend-server\node_modules\express\lib\router\layer.js:95:5)
[2026-01-05T16:10:41.387Z] Report Attendance Error: Unknown column 'e.department' in 'field list'
Stack: Error: Unknown column 'e.department' in 'field list'
    at PromisePool.query (C:\Users\Admin\Desktop\attendance\backend-server\node_modules\mysql2\lib\promise\pool.js:36:22)
    at Object.query (C:\Users\Admin\Desktop\attendance\backend-server\src\config\database.js:34:34)
    at exports.getAttendanceReport (C:\Users\Admin\Desktop\attendance\backend-server\src\controllers\report.controller.js:50:33)
    at Layer.handle [as handle_request] (C:\Users\Admin\Desktop\attendance\backend-server\node_modules\express\lib\router\layer.js:95:5)
    at next (C:\Users\Admin\Desktop\attendance\backend-server\node_modules\express\lib\router\route.js:149:13)
    at exports.authenticate (C:\Users\Admin\Desktop\attendance\backend-server\src\middleware\auth.middleware.js:17:5)
    at Layer.handle [as handle_request] (C:\Users\Admin\Desktop\attendance\backend-server\node_modules\express\lib\router\layer.js:95:5)
    at next (C:\Users\Admin\Desktop\attendance\backend-server\node_modules\express\lib\router\route.js:149:13)
    at Route.dispatch (C:\Users\Admin\Desktop\attendance\backend-server\node_modules\express\lib\router\route.js:119:3)
    at Layer.handle [as handle_request] (C:\Users\Admin\Desktop\attendance\backend-server\node_modules\express\lib\router\layer.js:95:5)
[2026-01-05T16:11:19.412Z] Report Summary Error: Unknown column 'clock_in_time' in 'field list'
Stack: Error: Unknown column 'clock_in_time' in 'field list'
    at PromisePool.query (C:\Users\Admin\Desktop\attendance\backend-server\node_modules\mysql2\lib\promise\pool.js:36:22)
    at Object.query (C:\Users\Admin\Desktop\attendance\backend-server\src\config\database.js:34:34)
    at exports.getSummaryStats (C:\Users\Admin\Desktop\attendance\backend-server\src\controllers\report.controller.js:100:34)
    at Layer.handle [as handle_request] (C:\Users\Admin\Desktop\attendance\backend-server\node_modules\express\lib\router\layer.js:95:5)
    at next (C:\Users\Admin\Desktop\attendance\backend-server\node_modules\express\lib\router\route.js:149:13)
    at exports.authenticate (C:\Users\Admin\Desktop\attendance\backend-server\src\middleware\auth.middleware.js:17:5)
    at Layer.handle [as handle_request] (C:\Users\Admin\Desktop\attendance\backend-server\node_modules\express\lib\router\layer.js:95:5)
    at next (C:\Users\Admin\Desktop\attendance\backend-server\node_modules\express\lib\router\route.js:149:13)
    at Route.dispatch (C:\Users\Admin\Desktop\attendance\backend-server\node_modules\express\lib\router\route.js:119:3)
    at Layer.handle [as handle_request] (C:\Users\Admin\Desktop\attendance\backend-server\node_modules\express\lib\router\layer.js:95:5)
[2026-01-05T16:11:19.423Z] Report Attendance Error: Unknown column 'e.department' in 'field list'
Stack: Error: Unknown column 'e.department' in 'field list'
    at PromisePool.query (C:\Users\Admin\Desktop\attendance\backend-server\node_modules\mysql2\lib\promise\pool.js:36:22)
    at Object.query (C:\Users\Admin\Desktop\attendance\backend-server\src\config\database.js:34:34)
    at exports.getAttendanceReport (C:\Users\Admin\Desktop\attendance\backend-server\src\controllers\report.controller.js:50:33)
    at Layer.handle [as handle_request] (C:\Users\Admin\Desktop\attendance\backend-server\node_modules\express\lib\router\layer.js:95:5)
    at next (C:\Users\Admin\Desktop\attendance\backend-server\node_modules\express\lib\router\route.js:149:13)
    at exports.authenticate (C:\Users\Admin\Desktop\attendance\backend-server\src\middleware\auth.middleware.js:17:5)
    at Layer.handle [as handle_request] (C:\Users\Admin\Desktop\attendance\backend-server\node_modules\express\lib\router\layer.js:95:5)
    at next (C:\Users\Admin\Desktop\attendance\backend-server\node_modules\express\lib\router\route.js:149:13)
    at Route.dispatch (C:\Users\Admin\Desktop\attendance\backend-server\node_modules\express\lib\router\route.js:119:3)
    at Layer.handle [as handle_request] (C:\Users\Admin\Desktop\attendance\backend-server\node_modules\express\lib\router\layer.js:95:5)
[2026-01-05T16:11:19.448Z] Report Summary Error: Unknown column 'clock_in_time' in 'field list'
Stack: Error: Unknown column 'clock_in_time' in 'field list'
    at PromisePool.query (C:\Users\Admin\Desktop\attendance\backend-server\node_modules\mysql2\lib\promise\pool.js:36:22)
    at Object.query (C:\Users\Admin\Desktop\attendance\backend-server\src\config\database.js:34:34)
    at exports.getSummaryStats (C:\Users\Admin\Desktop\attendance\backend-server\src\controllers\report.controller.js:100:34)
    at Layer.handle [as handle_request] (C:\Users\Admin\Desktop\attendance\backend-server\node_modules\express\lib\router\layer.js:95:5)
    at next (C:\Users\Admin\Desktop\attendance\backend-server\node_modules\express\lib\router\route.js:149:13)
    at exports.authenticate (C:\Users\Admin\Desktop\attendance\backend-server\src\middleware\auth.middleware.js:17:5)
    at Layer.handle [as handle_request] (C:\Users\Admin\Desktop\attendance\backend-server\node_modules\express\lib\router\layer.js:95:5)
    at next (C:\Users\Admin\Desktop\attendance\backend-server\node_modules\express\lib\router\route.js:149:13)
    at Route.dispatch (C:\Users\Admin\Desktop\attendance\backend-server\node_modules\express\lib\router\route.js:119:3)
    at Layer.handle [as handle_request] (C:\Users\Admin\Desktop\attendance\backend-server\node_modules\express\lib\router\layer.js:95:5)
[2026-01-05T16:11:19.452Z] Report Attendance Error: Unknown column 'e.department' in 'field list'
Stack: Error: Unknown column 'e.department' in 'field list'
    at PromisePool.query (C:\Users\Admin\Desktop\attendance\backend-server\node_modules\mysql2\lib\promise\pool.js:36:22)
    at Object.query (C:\Users\Admin\Desktop\attendance\backend-server\src\config\database.js:34:34)
    at exports.getAttendanceReport (C:\Users\Admin\Desktop\attendance\backend-server\src\controllers\report.controller.js:50:33)
    at Layer.handle [as handle_request] (C:\Users\Admin\Desktop\attendance\backend-server\node_modules\express\lib\router\layer.js:95:5)
    at next (C:\Users\Admin\Desktop\attendance\backend-server\node_modules\express\lib\router\route.js:149:13)
    at exports.authenticate (C:\Users\Admin\Desktop\attendance\backend-server\src\middleware\auth.middleware.js:17:5)
    at Layer.handle [as handle_request] (C:\Users\Admin\Desktop\attendance\backend-server\node_modules\express\lib\router\layer.js:95:5)
    at next (C:\Users\Admin\Desktop\attendance\backend-server\node_modules\express\lib\router\route.js:149:13)
    at Route.dispatch (C:\Users\Admin\Desktop\attendance\backend-server\node_modules\express\lib\router\route.js:119:3)
    at Layer.handle [as handle_request] (C:\Users\Admin\Desktop\attendance\backend-server\node_modules\express\lib\router\layer.js:95:5)
[2026-01-05T16:12:29.535Z] Report Summary Error: Unknown column 'clock_in_time' in 'field list'
Stack: Error: Unknown column 'clock_in_time' in 'field list'
    at PromisePool.query (C:\Users\Admin\Desktop\attendance\backend-server\node_modules\mysql2\lib\promise\pool.js:36:22)
    at Object.query (C:\Users\Admin\Desktop\attendance\backend-server\src\config\database.js:34:34)
    at exports.getSummaryStats (C:\Users\Admin\Desktop\attendance\backend-server\src\controllers\report.controller.js:100:34)
    at Layer.handle [as handle_request] (C:\Users\Admin\Desktop\attendance\backend-server\node_modules\express\lib\router\layer.js:95:5)
    at next (C:\Users\Admin\Desktop\attendance\backend-server\node_modules\express\lib\router\route.js:149:13)
    at exports.authenticate (C:\Users\Admin\Desktop\attendance\backend-server\src\middleware\auth.middleware.js:17:5)
    at Layer.handle [as handle_request] (C:\Users\Admin\Desktop\attendance\backend-server\node_modules\express\lib\router\layer.js:95:5)
    at next (C:\Users\Admin\Desktop\attendance\backend-server\node_modules\express\lib\router\route.js:149:13)
    at Route.dispatch (C:\Users\Admin\Desktop\attendance\backend-server\node_modules\express\lib\router\route.js:119:3)
    at Layer.handle [as handle_request] (C:\Users\Admin\Desktop\attendance\backend-server\node_modules\express\lib\router\layer.js:95:5)
[2026-01-05T16:12:29.543Z] Report Attendance Error: Unknown column 'e.department' in 'field list'
Stack: Error: Unknown column 'e.department' in 'field list'
    at PromisePool.query (C:\Users\Admin\Desktop\attendance\backend-server\node_modules\mysql2\lib\promise\pool.js:36:22)
    at Object.query (C:\Users\Admin\Desktop\attendance\backend-server\src\config\database.js:34:34)
    at exports.getAttendanceReport (C:\Users\Admin\Desktop\attendance\backend-server\src\controllers\report.controller.js:50:33)
    at Layer.handle [as handle_request] (C:\Users\Admin\Desktop\attendance\backend-server\node_modules\express\lib\router\layer.js:95:5)
    at next (C:\Users\Admin\Desktop\attendance\backend-server\node_modules\express\lib\router\route.js:149:13)
    at exports.authenticate (C:\Users\Admin\Desktop\attendance\backend-server\src\middleware\auth.middleware.js:17:5)
    at Layer.handle [as handle_request] (C:\Users\Admin\Desktop\attendance\backend-server\node_modules\express\lib\router\layer.js:95:5)
    at next (C:\Users\Admin\Desktop\attendance\backend-server\node_modules\express\lib\router\route.js:149:13)
    at Route.dispatch (C:\Users\Admin\Desktop\attendance\backend-server\node_modules\express\lib\router\route.js:119:3)
    at Layer.handle [as handle_request] (C:\Users\Admin\Desktop\attendance\backend-server\node_modules\express\lib\router\layer.js:95:5)
[2026-01-05T16:15:02.712Z] Report Summary Error: Unknown column 'clock_in_time' in 'field list'
Stack: Error: Unknown column 'clock_in_time' in 'field list'
    at PromisePool.query (C:\Users\Admin\Desktop\attendance\backend-server\node_modules\mysql2\lib\promise\pool.js:36:22)
    at Object.query (C:\Users\Admin\Desktop\attendance\backend-server\src\config\database.js:34:34)
    at exports.getSummaryStats (C:\Users\Admin\Desktop\attendance\backend-server\src\controllers\report.controller.js:100:34)
    at Layer.handle [as handle_request] (C:\Users\Admin\Desktop\attendance\backend-server\node_modules\express\lib\router\layer.js:95:5)
    at next (C:\Users\Admin\Desktop\attendance\backend-server\node_modules\express\lib\router\route.js:149:13)
    at exports.authenticate (C:\Users\Admin\Desktop\attendance\backend-server\src\middleware\auth.middleware.js:17:5)
    at Layer.handle [as handle_request] (C:\Users\Admin\Desktop\attendance\backend-server\node_modules\express\lib\router\layer.js:95:5)
    at next (C:\Users\Admin\Desktop\attendance\backend-server\node_modules\express\lib\router\route.js:149:13)
    at Route.dispatch (C:\Users\Admin\Desktop\attendance\backend-server\node_modules\express\lib\router\route.js:119:3)
    at Layer.handle [as handle_request] (C:\Users\Admin\Desktop\attendance\backend-server\node_modules\express\lib\router\layer.js:95:5)
[2026-01-05T16:15:02.722Z] Report Attendance Error: Unknown column 'e.department' in 'field list'
Stack: Error: Unknown column 'e.department' in 'field list'
    at PromisePool.query (C:\Users\Admin\Desktop\attendance\backend-server\node_modules\mysql2\lib\promise\pool.js:36:22)
    at Object.query (C:\Users\Admin\Desktop\attendance\backend-server\src\config\database.js:34:34)
    at exports.getAttendanceReport (C:\Users\Admin\Desktop\attendance\backend-server\src\controllers\report.controller.js:50:33)
    at Layer.handle [as handle_request] (C:\Users\Admin\Desktop\attendance\backend-server\node_modules\express\lib\router\layer.js:95:5)
    at next (C:\Users\Admin\Desktop\attendance\backend-server\node_modules\express\lib\router\route.js:149:13)
    at exports.authenticate (C:\Users\Admin\Desktop\attendance\backend-server\src\middleware\auth.middleware.js:17:5)
    at Layer.handle [as handle_request] (C:\Users\Admin\Desktop\attendance\backend-server\node_modules\express\lib\router\layer.js:95:5)
    at next (C:\Users\Admin\Desktop\attendance\backend-server\node_modules\express\lib\router\route.js:149:13)
    at Route.dispatch (C:\Users\Admin\Desktop\attendance\backend-server\node_modules\express\lib\router\route.js:119:3)
    at Layer.handle [as handle_request] (C:\Users\Admin\Desktop\attendance\backend-server\node_modules\express\lib\router\layer.js:95:5)
[2026-01-05T16:15:02.744Z] Report Summary Error: Unknown column 'clock_in_time' in 'field list'
Stack: Error: Unknown column 'clock_in_time' in 'field list'
    at PromisePool.query (C:\Users\Admin\Desktop\attendance\backend-server\node_modules\mysql2\lib\promise\pool.js:36:22)
    at Object.query (C:\Users\Admin\Desktop\attendance\backend-server\src\config\database.js:34:34)
    at exports.getSummaryStats (C:\Users\Admin\Desktop\attendance\backend-server\src\controllers\report.controller.js:100:34)
    at Layer.handle [as handle_request] (C:\Users\Admin\Desktop\attendance\backend-server\node_modules\express\lib\router\layer.js:95:5)
    at next (C:\Users\Admin\Desktop\attendance\backend-server\node_modules\express\lib\router\route.js:149:13)
    at exports.authenticate (C:\Users\Admin\Desktop\attendance\backend-server\src\middleware\auth.middleware.js:17:5)
    at Layer.handle [as handle_request] (C:\Users\Admin\Desktop\attendance\backend-server\node_modules\express\lib\router\layer.js:95:5)
    at next (C:\Users\Admin\Desktop\attendance\backend-server\node_modules\express\lib\router\route.js:149:13)
    at Route.dispatch (C:\Users\Admin\Desktop\attendance\backend-server\node_modules\express\lib\router\route.js:119:3)
    at Layer.handle [as handle_request] (C:\Users\Admin\Desktop\attendance\backend-server\node_modules\express\lib\router\layer.js:95:5)
[2026-01-05T16:15:02.754Z] Report Attendance Error: Unknown column 'e.department' in 'field list'
Stack: Error: Unknown column 'e.department' in 'field list'
    at PromisePool.query (C:\Users\Admin\Desktop\attendance\backend-server\node_modules\mysql2\lib\promise\pool.js:36:22)
    at Object.query (C:\Users\Admin\Desktop\attendance\backend-server\src\config\database.js:34:34)
    at exports.getAttendanceReport (C:\Users\Admin\Desktop\attendance\backend-server\src\controllers\report.controller.js:50:33)
    at Layer.handle [as handle_request] (C:\Users\Admin\Desktop\attendance\backend-server\node_modules\express\lib\router\layer.js:95:5)
    at next (C:\Users\Admin\Desktop\attendance\backend-server\node_modules\express\lib\router\route.js:149:13)
    at exports.authenticate (C:\Users\Admin\Desktop\attendance\backend-server\src\middleware\auth.middleware.js:17:5)
    at Layer.handle [as handle_request] (C:\Users\Admin\Desktop\attendance\backend-server\node_modules\express\lib\router\layer.js:95:5)
    at next (C:\Users\Admin\Desktop\attendance\backend-server\node_modules\express\lib\router\route.js:149:13)
    at Route.dispatch (C:\Users\Admin\Desktop\attendance\backend-server\node_modules\express\lib\router\route.js:119:3)
    at Layer.handle [as handle_request] (C:\Users\Admin\Desktop\attendance\backend-server\node_modules\express\lib\router\layer.js:95:5)
[2026-01-05T16:15:34.877Z] Report Summary Error: Unknown column 'clock_in_time' in 'field list'
Stack: Error: Unknown column 'clock_in_time' in 'field list'
    at PromisePool.query (C:\Users\Admin\Desktop\attendance\backend-server\node_modules\mysql2\lib\promise\pool.js:36:22)
    at Object.query (C:\Users\Admin\Desktop\attendance\backend-server\src\config\database.js:34:34)
    at exports.getSummaryStats (C:\Users\Admin\Desktop\attendance\backend-server\src\controllers\report.controller.js:100:34)
    at Layer.handle [as handle_request] (C:\Users\Admin\Desktop\attendance\backend-server\node_modules\express\lib\router\layer.js:95:5)
    at next (C:\Users\Admin\Desktop\attendance\backend-server\node_modules\express\lib\router\route.js:149:13)
    at exports.authenticate (C:\Users\Admin\Desktop\attendance\backend-server\src\middleware\auth.middleware.js:17:5)
    at Layer.handle [as handle_request] (C:\Users\Admin\Desktop\attendance\backend-server\node_modules\express\lib\router\layer.js:95:5)
    at next (C:\Users\Admin\Desktop\attendance\backend-server\node_modules\express\lib\router\route.js:149:13)
    at Route.dispatch (C:\Users\Admin\Desktop\attendance\backend-server\node_modules\express\lib\router\route.js:119:3)
    at Layer.handle [as handle_request] (C:\Users\Admin\Desktop\attendance\backend-server\node_modules\express\lib\router\layer.js:95:5)
[2026-01-05T16:15:34.882Z] Report Attendance Error: Unknown column 'e.department' in 'field list'
Stack: Error: Unknown column 'e.department' in 'field list'
    at PromisePool.query (C:\Users\Admin\Desktop\attendance\backend-server\node_modules\mysql2\lib\promise\pool.js:36:22)
    at Object.query (C:\Users\Admin\Desktop\attendance\backend-server\src\config\database.js:34:34)
    at exports.getAttendanceReport (C:\Users\Admin\Desktop\attendance\backend-server\src\controllers\report.controller.js:50:33)
    at Layer.handle [as handle_request] (C:\Users\Admin\Desktop\attendance\backend-server\node_modules\express\lib\router\layer.js:95:5)
    at next (C:\Users\Admin\Desktop\attendance\backend-server\node_modules\express\lib\router\route.js:149:13)
    at exports.authenticate (C:\Users\Admin\Desktop\attendance\backend-server\src\middleware\auth.middleware.js:17:5)
    at Layer.handle [as handle_request] (C:\Users\Admin\Desktop\attendance\backend-server\node_modules\express\lib\router\layer.js:95:5)
    at next (C:\Users\Admin\Desktop\attendance\backend-server\node_modules\express\lib\router\route.js:149:13)
    at Route.dispatch (C:\Users\Admin\Desktop\attendance\backend-server\node_modules\express\lib\router\route.js:119:3)
    at Layer.handle [as handle_request] (C:\Users\Admin\Desktop\attendance\backend-server\node_modules\express\lib\router\layer.js:95:5)
[2026-01-05T16:15:34.898Z] Report Summary Error: Unknown column 'clock_in_time' in 'field list'
Stack: Error: Unknown column 'clock_in_time' in 'field list'
    at PromisePool.query (C:\Users\Admin\Desktop\attendance\backend-server\node_modules\mysql2\lib\promise\pool.js:36:22)
    at Object.query (C:\Users\Admin\Desktop\attendance\backend-server\src\config\database.js:34:34)
    at exports.getSummaryStats (C:\Users\Admin\Desktop\attendance\backend-server\src\controllers\report.controller.js:100:34)
    at Layer.handle [as handle_request] (C:\Users\Admin\Desktop\attendance\backend-server\node_modules\express\lib\router\layer.js:95:5)
    at next (C:\Users\Admin\Desktop\attendance\backend-server\node_modules\express\lib\router\route.js:149:13)
    at exports.authenticate (C:\Users\Admin\Desktop\attendance\backend-server\src\middleware\auth.middleware.js:17:5)
    at Layer.handle [as handle_request] (C:\Users\Admin\Desktop\attendance\backend-server\node_modules\express\lib\router\layer.js:95:5)
    at next (C:\Users\Admin\Desktop\attendance\backend-server\node_modules\express\lib\router\route.js:149:13)
    at Route.dispatch (C:\Users\Admin\Desktop\attendance\backend-server\node_modules\express\lib\router\route.js:119:3)
    at Layer.handle [as handle_request] (C:\Users\Admin\Desktop\attendance\backend-server\node_modules\express\lib\router\layer.js:95:5)
[2026-01-05T16:15:34.905Z] Report Attendance Error: Unknown column 'e.department' in 'field list'
Stack: Error: Unknown column 'e.department' in 'field list'
    at PromisePool.query (C:\Users\Admin\Desktop\attendance\backend-server\node_modules\mysql2\lib\promise\pool.js:36:22)
    at Object.query (C:\Users\Admin\Desktop\attendance\backend-server\src\config\database.js:34:34)
    at exports.getAttendanceReport (C:\Users\Admin\Desktop\attendance\backend-server\src\controllers\report.controller.js:50:33)
    at Layer.handle [as handle_request] (C:\Users\Admin\Desktop\attendance\backend-server\node_modules\express\lib\router\layer.js:95:5)
    at next (C:\Users\Admin\Desktop\attendance\backend-server\node_modules\express\lib\router\route.js:149:13)
    at exports.authenticate (C:\Users\Admin\Desktop\attendance\backend-server\src\middleware\auth.middleware.js:17:5)
    at Layer.handle [as handle_request] (C:\Users\Admin\Desktop\attendance\backend-server\node_modules\express\lib\router\layer.js:95:5)
    at next (C:\Users\Admin\Desktop\attendance\backend-server\node_modules\express\lib\router\route.js:149:13)
    at Route.dispatch (C:\Users\Admin\Desktop\attendance\backend-server\node_modules\express\lib\router\route.js:119:3)
    at Layer.handle [as handle_request] (C:\Users\Admin\Desktop\attendance\backend-server\node_modules\express\lib\router\layer.js:95:5)
[2026-01-05T16:15:35.182Z] Report Summary Error: Unknown column 'clock_in_time' in 'field list'
Stack: Error: Unknown column 'clock_in_time' in 'field list'
    at PromisePool.query (C:\Users\Admin\Desktop\attendance\backend-server\node_modules\mysql2\lib\promise\pool.js:36:22)
    at Object.query (C:\Users\Admin\Desktop\attendance\backend-server\src\config\database.js:34:34)
    at exports.getSummaryStats (C:\Users\Admin\Desktop\attendance\backend-server\src\controllers\report.controller.js:100:34)
    at Layer.handle [as handle_request] (C:\Users\Admin\Desktop\attendance\backend-server\node_modules\express\lib\router\layer.js:95:5)
    at next (C:\Users\Admin\Desktop\attendance\backend-server\node_modules\express\lib\router\route.js:149:13)
    at exports.authenticate (C:\Users\Admin\Desktop\attendance\backend-server\src\middleware\auth.middleware.js:17:5)
    at Layer.handle [as handle_request] (C:\Users\Admin\Desktop\attendance\backend-server\node_modules\express\lib\router\layer.js:95:5)
    at next (C:\Users\Admin\Desktop\attendance\backend-server\node_modules\express\lib\router\route.js:149:13)
    at Route.dispatch (C:\Users\Admin\Desktop\attendance\backend-server\node_modules\express\lib\router\route.js:119:3)
    at Layer.handle [as handle_request] (C:\Users\Admin\Desktop\attendance\backend-server\node_modules\express\lib\router\layer.js:95:5)
[2026-01-05T16:15:35.189Z] Report Attendance Error: Unknown column 'e.department' in 'field list'
Stack: Error: Unknown column 'e.department' in 'field list'
    at PromisePool.query (C:\Users\Admin\Desktop\attendance\backend-server\node_modules\mysql2\lib\promise\pool.js:36:22)
    at Object.query (C:\Users\Admin\Desktop\attendance\backend-server\src\config\database.js:34:34)
    at exports.getAttendanceReport (C:\Users\Admin\Desktop\attendance\backend-server\src\controllers\report.controller.js:50:33)
    at Layer.handle [as handle_request] (C:\Users\Admin\Desktop\attendance\backend-server\node_modules\express\lib\router\layer.js:95:5)
    at next (C:\Users\Admin\Desktop\attendance\backend-server\node_modules\express\lib\router\route.js:149:13)
    at exports.authenticate (C:\Users\Admin\Desktop\attendance\backend-server\src\middleware\auth.middleware.js:17:5)
    at Layer.handle [as handle_request] (C:\Users\Admin\Desktop\attendance\backend-server\node_modules\express\lib\router\layer.js:95:5)
    at next (C:\Users\Admin\Desktop\attendance\backend-server\node_modules\express\lib\router\route.js:149:13)
    at Route.dispatch (C:\Users\Admin\Desktop\attendance\backend-server\node_modules\express\lib\router\route.js:119:3)
    at Layer.handle [as handle_request] (C:\Users\Admin\Desktop\attendance\backend-server\node_modules\express\lib\router\layer.js:95:5)
[2026-01-05T16:15:35.251Z] Report Summary Error: Unknown column 'clock_in_time' in 'field list'
Stack: Error: Unknown column 'clock_in_time' in 'field list'
    at PromisePool.query (C:\Users\Admin\Desktop\attendance\backend-server\node_modules\mysql2\lib\promise\pool.js:36:22)
    at Object.query (C:\Users\Admin\Desktop\attendance\backend-server\src\config\database.js:34:34)
    at exports.getSummaryStats (C:\Users\Admin\Desktop\attendance\backend-server\src\controllers\report.controller.js:100:34)
    at Layer.handle [as handle_request] (C:\Users\Admin\Desktop\attendance\backend-server\node_modules\express\lib\router\layer.js:95:5)
    at next (C:\Users\Admin\Desktop\attendance\backend-server\node_modules\express\lib\router\route.js:149:13)
    at exports.authenticate (C:\Users\Admin\Desktop\attendance\backend-server\src\middleware\auth.middleware.js:17:5)
    at Layer.handle [as handle_request] (C:\Users\Admin\Desktop\attendance\backend-server\node_modules\express\lib\router\layer.js:95:5)
    at next (C:\Users\Admin\Desktop\attendance\backend-server\node_modules\express\lib\router\route.js:149:13)
    at Route.dispatch (C:\Users\Admin\Desktop\attendance\backend-server\node_modules\express\lib\router\route.js:119:3)
    at Layer.handle [as handle_request] (C:\Users\Admin\Desktop\attendance\backend-server\node_modules\express\lib\router\layer.js:95:5)
[2026-01-05T16:15:35.255Z] Report Attendance Error: Unknown column 'e.department' in 'field list'
Stack: Error: Unknown column 'e.department' in 'field list'
    at PromisePool.query (C:\Users\Admin\Desktop\attendance\backend-server\node_modules\mysql2\lib\promise\pool.js:36:22)
    at Object.query (C:\Users\Admin\Desktop\attendance\backend-server\src\config\database.js:34:34)
    at exports.getAttendanceReport (C:\Users\Admin\Desktop\attendance\backend-server\src\controllers\report.controller.js:50:33)
    at Layer.handle [as handle_request] (C:\Users\Admin\Desktop\attendance\backend-server\node_modules\express\lib\router\layer.js:95:5)
    at next (C:\Users\Admin\Desktop\attendance\backend-server\node_modules\express\lib\router\route.js:149:13)
    at exports.authenticate (C:\Users\Admin\Desktop\attendance\backend-server\src\middleware\auth.middleware.js:17:5)
    at Layer.handle [as handle_request] (C:\Users\Admin\Desktop\attendance\backend-server\node_modules\express\lib\router\layer.js:95:5)
    at next (C:\Users\Admin\Desktop\attendance\backend-server\node_modules\express\lib\router\route.js:149:13)
    at Route.dispatch (C:\Users\Admin\Desktop\attendance\backend-server\node_modules\express\lib\router\route.js:119:3)
    at Layer.handle [as handle_request] (C:\Users\Admin\Desktop\attendance\backend-server\node_modules\express\lib\router\layer.js:95:5)
[2026-01-05T16:15:35.300Z] Report Summary Error: Unknown column 'clock_in_time' in 'field list'
Stack: Error: Unknown column 'clock_in_time' in 'field list'
    at PromisePool.query (C:\Users\Admin\Desktop\attendance\backend-server\node_modules\mysql2\lib\promise\pool.js:36:22)
    at Object.query (C:\Users\Admin\Desktop\attendance\backend-server\src\config\database.js:34:34)
    at exports.getSummaryStats (C:\Users\Admin\Desktop\attendance\backend-server\src\controllers\report.controller.js:100:34)
    at Layer.handle [as handle_request] (C:\Users\Admin\Desktop\attendance\backend-server\node_modules\express\lib\router\layer.js:95:5)
    at next (C:\Users\Admin\Desktop\attendance\backend-server\node_modules\express\lib\router\route.js:149:13)
    at exports.authenticate (C:\Users\Admin\Desktop\attendance\backend-server\src\middleware\auth.middleware.js:17:5)
    at Layer.handle [as handle_request] (C:\Users\Admin\Desktop\attendance\backend-server\node_modules\express\lib\router\layer.js:95:5)
    at next (C:\Users\Admin\Desktop\attendance\backend-server\node_modules\express\lib\router\route.js:149:13)
    at Route.dispatch (C:\Users\Admin\Desktop\attendance\backend-server\node_modules\express\lib\router\route.js:119:3)
    at Layer.handle [as handle_request] (C:\Users\Admin\Desktop\attendance\backend-server\node_modules\express\lib\router\layer.js:95:5)
[2026-01-05T16:15:35.309Z] Report Attendance Error: Unknown column 'e.department' in 'field list'
Stack: Error: Unknown column 'e.department' in 'field list'
    at PromisePool.query (C:\Users\Admin\Desktop\attendance\backend-server\node_modules\mysql2\lib\promise\pool.js:36:22)
    at Object.query (C:\Users\Admin\Desktop\attendance\backend-server\src\config\database.js:34:34)
    at exports.getAttendanceReport (C:\Users\Admin\Desktop\attendance\backend-server\src\controllers\report.controller.js:50:33)
    at Layer.handle [as handle_request] (C:\Users\Admin\Desktop\attendance\backend-server\node_modules\express\lib\router\layer.js:95:5)
    at next (C:\Users\Admin\Desktop\attendance\backend-server\node_modules\express\lib\router\route.js:149:13)
    at exports.authenticate (C:\Users\Admin\Desktop\attendance\backend-server\src\middleware\auth.middleware.js:17:5)
    at Layer.handle [as handle_request] (C:\Users\Admin\Desktop\attendance\backend-server\node_modules\express\lib\router\layer.js:95:5)
    at next (C:\Users\Admin\Desktop\attendance\backend-server\node_modules\express\lib\router\route.js:149:13)
    at Route.dispatch (C:\Users\Admin\Desktop\attendance\backend-server\node_modules\express\lib\router\route.js:119:3)
    at Layer.handle [as handle_request] (C:\Users\Admin\Desktop\attendance\backend-server\node_modules\express\lib\router\layer.js:95:5)
[2026-01-05T16:16:37.820Z] Report Attendance Error: Unknown column 'da.status' in 'field list'
Stack: Error: Unknown column 'da.status' in 'field list'
    at PromisePool.query (C:\Users\Admin\Desktop\attendance\backend-server\node_modules\mysql2\lib\promise\pool.js:36:22)
    at Object.query (C:\Users\Admin\Desktop\attendance\backend-server\src\config\database.js:34:34)
    at exports.getAttendanceReport (C:\Users\Admin\Desktop\attendance\backend-server\src\controllers\report.controller.js:49:33)
    at Layer.handle [as handle_request] (C:\Users\Admin\Desktop\attendance\backend-server\node_modules\express\lib\router\layer.js:95:5)
    at next (C:\Users\Admin\Desktop\attendance\backend-server\node_modules\express\lib\router\route.js:149:13)
    at exports.authenticate (C:\Users\Admin\Desktop\attendance\backend-server\src\middleware\auth.middleware.js:17:5)
    at Layer.handle [as handle_request] (C:\Users\Admin\Desktop\attendance\backend-server\node_modules\express\lib\router\layer.js:95:5)
    at next (C:\Users\Admin\Desktop\attendance\backend-server\node_modules\express\lib\router\route.js:149:13)
    at Route.dispatch (C:\Users\Admin\Desktop\attendance\backend-server\node_modules\express\lib\router\route.js:119:3)
    at Layer.handle [as handle_request] (C:\Users\Admin\Desktop\attendance\backend-server\node_modules\express\lib\router\layer.js:95:5)
[2026-01-05T16:16:37.836Z] Report Summary Error: Cannot read properties of undefined (reading 'present_days')
Stack: TypeError: Cannot read properties of undefined (reading 'present_days')
    at exports.getSummaryStats (C:\Users\Admin\Desktop\attendance\backend-server\src\controllers\report.controller.js:104:39)
    at process.processTicksAndRejections (node:internal/process/task_queues:103:5)
[2026-01-05T16:16:37.850Z] Report Attendance Error: Unknown column 'da.status' in 'field list'
Stack: Error: Unknown column 'da.status' in 'field list'
    at PromisePool.query (C:\Users\Admin\Desktop\attendance\backend-server\node_modules\mysql2\lib\promise\pool.js:36:22)
    at Object.query (C:\Users\Admin\Desktop\attendance\backend-server\src\config\database.js:34:34)
    at exports.getAttendanceReport (C:\Users\Admin\Desktop\attendance\backend-server\src\controllers\report.controller.js:49:33)
    at Layer.handle [as handle_request] (C:\Users\Admin\Desktop\attendance\backend-server\node_modules\express\lib\router\layer.js:95:5)
    at next (C:\Users\Admin\Desktop\attendance\backend-server\node_modules\express\lib\router\route.js:149:13)
    at exports.authenticate (C:\Users\Admin\Desktop\attendance\backend-server\src\middleware\auth.middleware.js:17:5)
    at Layer.handle [as handle_request] (C:\Users\Admin\Desktop\attendance\backend-server\node_modules\express\lib\router\layer.js:95:5)
    at next (C:\Users\Admin\Desktop\attendance\backend-server\node_modules\express\lib\router\route.js:149:13)
    at Route.dispatch (C:\Users\Admin\Desktop\attendance\backend-server\node_modules\express\lib\router\route.js:119:3)
    at Layer.handle [as handle_request] (C:\Users\Admin\Desktop\attendance\backend-server\node_modules\express\lib\router\layer.js:95:5)
[2026-01-05T16:16:37.862Z] Report Summary Error: Cannot read properties of undefined (reading 'present_days')
Stack: TypeError: Cannot read properties of undefined (reading 'present_days')
    at exports.getSummaryStats (C:\Users\Admin\Desktop\attendance\backend-server\src\controllers\report.controller.js:104:39)
    at process.processTicksAndRejections (node:internal/process/task_queues:103:5)
[2026-01-05T16:17:34.254Z] Report Summary Error: Cannot read properties of undefined (reading 'present_days')
Stack: TypeError: Cannot read properties of undefined (reading 'present_days')
    at exports.getSummaryStats (C:\Users\Admin\Desktop\attendance\backend-server\src\controllers\report.controller.js:104:39)
    at process.processTicksAndRejections (node:internal/process/task_queues:103:5)
[2026-01-05T16:17:34.263Z] Report Attendance Error: Unknown column 'da.status' in 'field list'
Stack: Error: Unknown column 'da.status' in 'field list'
    at PromisePool.query (C:\Users\Admin\Desktop\attendance\backend-server\node_modules\mysql2\lib\promise\pool.js:36:22)
    at Object.query (C:\Users\Admin\Desktop\attendance\backend-server\src\config\database.js:34:34)
    at exports.getAttendanceReport (C:\Users\Admin\Desktop\attendance\backend-server\src\controllers\report.controller.js:49:33)
    at Layer.handle [as handle_request] (C:\Users\Admin\Desktop\attendance\backend-server\node_modules\express\lib\router\layer.js:95:5)
    at next (C:\Users\Admin\Desktop\attendance\backend-server\node_modules\express\lib\router\route.js:149:13)
    at exports.authenticate (C:\Users\Admin\Desktop\attendance\backend-server\src\middleware\auth.middleware.js:17:5)
    at Layer.handle [as handle_request] (C:\Users\Admin\Desktop\attendance\backend-server\node_modules\express\lib\router\layer.js:95:5)
    at next (C:\Users\Admin\Desktop\attendance\backend-server\node_modules\express\lib\router\route.js:149:13)
    at Route.dispatch (C:\Users\Admin\Desktop\attendance\backend-server\node_modules\express\lib\router\route.js:119:3)
    at Layer.handle [as handle_request] (C:\Users\Admin\Desktop\attendance\backend-server\node_modules\express\lib\router\layer.js:95:5)
[2026-01-05T16:17:34.281Z] Report Summary Error: Cannot read properties of undefined (reading 'present_days')
Stack: TypeError: Cannot read properties of undefined (reading 'present_days')
    at exports.getSummaryStats (C:\Users\Admin\Desktop\attendance\backend-server\src\controllers\report.controller.js:104:39)
    at process.processTicksAndRejections (node:internal/process/task_queues:103:5)
[2026-01-05T16:17:34.288Z] Report Attendance Error: Unknown column 'da.status' in 'field list'
Stack: Error: Unknown column 'da.status' in 'field list'
    at PromisePool.query (C:\Users\Admin\Desktop\attendance\backend-server\node_modules\mysql2\lib\promise\pool.js:36:22)
    at Object.query (C:\Users\Admin\Desktop\attendance\backend-server\src\config\database.js:34:34)
    at exports.getAttendanceReport (C:\Users\Admin\Desktop\attendance\backend-server\src\controllers\report.controller.js:49:33)
    at Layer.handle [as handle_request] (C:\Users\Admin\Desktop\attendance\backend-server\node_modules\express\lib\router\layer.js:95:5)
    at next (C:\Users\Admin\Desktop\attendance\backend-server\node_modules\express\lib\router\route.js:149:13)
    at exports.authenticate (C:\Users\Admin\Desktop\attendance\backend-server\src\middleware\auth.middleware.js:17:5)
    at Layer.handle [as handle_request] (C:\Users\Admin\Desktop\attendance\backend-server\node_modules\express\lib\router\layer.js:95:5)
    at next (C:\Users\Admin\Desktop\attendance\backend-server\node_modules\express\lib\router\route.js:149:13)
    at Route.dispatch (C:\Users\Admin\Desktop\attendance\backend-server\node_modules\express\lib\router\route.js:119:3)
    at Layer.handle [as handle_request] (C:\Users\Admin\Desktop\attendance\backend-server\node_modules\express\lib\router\layer.js:95:5)
[2026-01-05T16:17:51.561Z] Report Summary Error: Cannot read properties of undefined (reading 'present_days')
Stack: TypeError: Cannot read properties of undefined (reading 'present_days')
    at exports.getSummaryStats (C:\Users\Admin\Desktop\attendance\backend-server\src\controllers\report.controller.js:104:39)
    at process.processTicksAndRejections (node:internal/process/task_queues:103:5)
[2026-01-05T16:17:51.574Z] Report Attendance Error: Unknown column 'da.status' in 'field list'
Stack: Error: Unknown column 'da.status' in 'field list'
    at PromisePool.query (C:\Users\Admin\Desktop\attendance\backend-server\node_modules\mysql2\lib\promise\pool.js:36:22)
    at Object.query (C:\Users\Admin\Desktop\attendance\backend-server\src\config\database.js:34:34)
    at exports.getAttendanceReport (C:\Users\Admin\Desktop\attendance\backend-server\src\controllers\report.controller.js:49:33)
    at Layer.handle [as handle_request] (C:\Users\Admin\Desktop\attendance\backend-server\node_modules\express\lib\router\layer.js:95:5)
    at next (C:\Users\Admin\Desktop\attendance\backend-server\node_modules\express\lib\router\route.js:149:13)
    at exports.authenticate (C:\Users\Admin\Desktop\attendance\backend-server\src\middleware\auth.middleware.js:17:5)
    at Layer.handle [as handle_request] (C:\Users\Admin\Desktop\attendance\backend-server\node_modules\express\lib\router\layer.js:95:5)
    at next (C:\Users\Admin\Desktop\attendance\backend-server\node_modules\express\lib\router\route.js:149:13)
    at Route.dispatch (C:\Users\Admin\Desktop\attendance\backend-server\node_modules\express\lib\router\route.js:119:3)
    at Layer.handle [as handle_request] (C:\Users\Admin\Desktop\attendance\backend-server\node_modules\express\lib\router\layer.js:95:5)
[2026-01-05T16:18:07.035Z] Report Attendance Error: Unknown column 'da.status' in 'field list'
Stack: Error: Unknown column 'da.status' in 'field list'
    at PromisePool.query (C:\Users\Admin\Desktop\attendance\backend-server\node_modules\mysql2\lib\promise\pool.js:36:22)
    at Object.query (C:\Users\Admin\Desktop\attendance\backend-server\src\config\database.js:34:34)
    at exports.getAttendanceReport (C:\Users\Admin\Desktop\attendance\backend-server\src\controllers\report.controller.js:49:33)
    at Layer.handle [as handle_request] (C:\Users\Admin\Desktop\attendance\backend-server\node_modules\express\lib\router\layer.js:95:5)
    at next (C:\Users\Admin\Desktop\attendance\backend-server\node_modules\express\lib\router\route.js:149:13)
    at exports.authenticate (C:\Users\Admin\Desktop\attendance\backend-server\src\middleware\auth.middleware.js:17:5)
    at Layer.handle [as handle_request] (C:\Users\Admin\Desktop\attendance\backend-server\node_modules\express\lib\router\layer.js:95:5)
    at next (C:\Users\Admin\Desktop\attendance\backend-server\node_modules\express\lib\router\route.js:149:13)
    at Route.dispatch (C:\Users\Admin\Desktop\attendance\backend-server\node_modules\express\lib\router\route.js:119:3)
    at Layer.handle [as handle_request] (C:\Users\Admin\Desktop\attendance\backend-server\node_modules\express\lib\router\layer.js:95:5)
[2026-01-05T16:18:47.881Z] Report Summary Error: Cannot read properties of undefined (reading 'present_days')
Stack: TypeError: Cannot read properties of undefined (reading 'present_days')
    at exports.getSummaryStats (C:\Users\Admin\Desktop\attendance\backend-server\src\controllers\report.controller.js:104:39)
    at process.processTicksAndRejections (node:internal/process/task_queues:103:5)
[2026-01-05T16:18:47.891Z] Report Attendance Error: Unknown column 'da.status' in 'field list'
Stack: Error: Unknown column 'da.status' in 'field list'
    at PromisePool.query (C:\Users\Admin\Desktop\attendance\backend-server\node_modules\mysql2\lib\promise\pool.js:36:22)
    at Object.query (C:\Users\Admin\Desktop\attendance\backend-server\src\config\database.js:34:34)
    at exports.getAttendanceReport (C:\Users\Admin\Desktop\attendance\backend-server\src\controllers\report.controller.js:49:33)
    at Layer.handle [as handle_request] (C:\Users\Admin\Desktop\attendance\backend-server\node_modules\express\lib\router\layer.js:95:5)
    at next (C:\Users\Admin\Desktop\attendance\backend-server\node_modules\express\lib\router\route.js:149:13)
    at exports.authenticate (C:\Users\Admin\Desktop\attendance\backend-server\src\middleware\auth.middleware.js:17:5)
    at Layer.handle [as handle_request] (C:\Users\Admin\Desktop\attendance\backend-server\node_modules\express\lib\router\layer.js:95:5)
    at next (C:\Users\Admin\Desktop\attendance\backend-server\node_modules\express\lib\router\route.js:149:13)
    at Route.dispatch (C:\Users\Admin\Desktop\attendance\backend-server\node_modules\express\lib\router\route.js:119:3)
    at Layer.handle [as handle_request] (C:\Users\Admin\Desktop\attendance\backend-server\node_modules\express\lib\router\layer.js:95:5)
[2026-01-05T16:18:47.908Z] Report Summary Error: Cannot read properties of undefined (reading 'present_days')
Stack: TypeError: Cannot read properties of undefined (reading 'present_days')
    at exports.getSummaryStats (C:\Users\Admin\Desktop\attendance\backend-server\src\controllers\report.controller.js:104:39)
    at process.processTicksAndRejections (node:internal/process/task_queues:103:5)
[2026-01-05T16:18:47.918Z] Report Attendance Error: Unknown column 'da.status' in 'field list'
Stack: Error: Unknown column 'da.status' in 'field list'
    at PromisePool.query (C:\Users\Admin\Desktop\attendance\backend-server\node_modules\mysql2\lib\promise\pool.js:36:22)
    at Object.query (C:\Users\Admin\Desktop\attendance\backend-server\src\config\database.js:34:34)
    at exports.getAttendanceReport (C:\Users\Admin\Desktop\attendance\backend-server\src\controllers\report.controller.js:49:33)
    at Layer.handle [as handle_request] (C:\Users\Admin\Desktop\attendance\backend-server\node_modules\express\lib\router\layer.js:95:5)
    at next (C:\Users\Admin\Desktop\attendance\backend-server\node_modules\express\lib\router\route.js:149:13)
    at exports.authenticate (C:\Users\Admin\Desktop\attendance\backend-server\src\middleware\auth.middleware.js:17:5)
    at Layer.handle [as handle_request] (C:\Users\Admin\Desktop\attendance\backend-server\node_modules\express\lib\router\layer.js:95:5)
    at next (C:\Users\Admin\Desktop\attendance\backend-server\node_modules\express\lib\router\route.js:149:13)
    at Route.dispatch (C:\Users\Admin\Desktop\attendance\backend-server\node_modules\express\lib\router\route.js:119:3)
    at Layer.handle [as handle_request] (C:\Users\Admin\Desktop\attendance\backend-server\node_modules\express\lib\router\layer.js:95:5)
[2026-01-05T16:19:35.934Z] Report Summary Error: Cannot read properties of undefined (reading 'present_days')
Stack: TypeError: Cannot read properties of undefined (reading 'present_days')
    at exports.getSummaryStats (C:\Users\Admin\Desktop\attendance\backend-server\src\controllers\report.controller.js:104:39)
    at process.processTicksAndRejections (node:internal/process/task_queues:103:5)
[2026-01-05T16:20:15.556Z] Report Summary Error: Cannot read properties of undefined (reading 'present_days')
Stack: TypeError: Cannot read properties of undefined (reading 'present_days')
    at exports.getSummaryStats (C:\Users\Admin\Desktop\attendance\backend-server\src\controllers\report.controller.js:104:39)
    at process.processTicksAndRejections (node:internal/process/task_queues:103:5)
[2026-01-05T16:20:15.574Z] Report Attendance Error: Unknown column 'da.status' in 'field list'
Stack: Error: Unknown column 'da.status' in 'field list'
    at PromisePool.query (C:\Users\Admin\Desktop\attendance\backend-server\node_modules\mysql2\lib\promise\pool.js:36:22)
    at Object.query (C:\Users\Admin\Desktop\attendance\backend-server\src\config\database.js:34:34)
    at exports.getAttendanceReport (C:\Users\Admin\Desktop\attendance\backend-server\src\controllers\report.controller.js:49:33)
    at Layer.handle [as handle_request] (C:\Users\Admin\Desktop\attendance\backend-server\node_modules\express\lib\router\layer.js:95:5)
    at next (C:\Users\Admin\Desktop\attendance\backend-server\node_modules\express\lib\router\route.js:149:13)
    at exports.authenticate (C:\Users\Admin\Desktop\attendance\backend-server\src\middleware\auth.middleware.js:17:5)
    at Layer.handle [as handle_request] (C:\Users\Admin\Desktop\attendance\backend-server\node_modules\express\lib\router\layer.js:95:5)
    at next (C:\Users\Admin\Desktop\attendance\backend-server\node_modules\express\lib\router\route.js:149:13)
    at Route.dispatch (C:\Users\Admin\Desktop\attendance\backend-server\node_modules\express\lib\router\route.js:119:3)
    at Layer.handle [as handle_request] (C:\Users\Admin\Desktop\attendance\backend-server\node_modules\express\lib\router\layer.js:95:5)
[2026-01-05T16:20:15.814Z] Report Summary Error: Cannot read properties of undefined (reading 'present_days')
Stack: TypeError: Cannot read properties of undefined (reading 'present_days')
    at exports.getSummaryStats (C:\Users\Admin\Desktop\attendance\backend-server\src\controllers\report.controller.js:104:39)
    at process.processTicksAndRejections (node:internal/process/task_queues:103:5)
[2026-01-05T16:20:15.818Z] Report Attendance Error: Unknown column 'da.status' in 'field list'
Stack: Error: Unknown column 'da.status' in 'field list'
    at PromisePool.query (C:\Users\Admin\Desktop\attendance\backend-server\node_modules\mysql2\lib\promise\pool.js:36:22)
    at Object.query (C:\Users\Admin\Desktop\attendance\backend-server\src\config\database.js:34:34)
    at exports.getAttendanceReport (C:\Users\Admin\Desktop\attendance\backend-server\src\controllers\report.controller.js:49:33)
    at Layer.handle [as handle_request] (C:\Users\Admin\Desktop\attendance\backend-server\node_modules\express\lib\router\layer.js:95:5)
    at next (C:\Users\Admin\Desktop\attendance\backend-server\node_modules\express\lib\router\route.js:149:13)
    at exports.authenticate (C:\Users\Admin\Desktop\attendance\backend-server\src\middleware\auth.middleware.js:17:5)
    at Layer.handle [as handle_request] (C:\Users\Admin\Desktop\attendance\backend-server\node_modules\express\lib\router\layer.js:95:5)
    at next (C:\Users\Admin\Desktop\attendance\backend-server\node_modules\express\lib\router\route.js:149:13)
    at Route.dispatch (C:\Users\Admin\Desktop\attendance\backend-server\node_modules\express\lib\router\route.js:119:3)
    at Layer.handle [as handle_request] (C:\Users\Admin\Desktop\attendance\backend-server\node_modules\express\lib\router\layer.js:95:5)
[2026-01-05T16:20:15.928Z] Report Summary Error: Cannot read properties of undefined (reading 'present_days')
Stack: TypeError: Cannot read properties of undefined (reading 'present_days')
    at exports.getSummaryStats (C:\Users\Admin\Desktop\attendance\backend-server\src\controllers\report.controller.js:104:39)
    at process.processTicksAndRejections (node:internal/process/task_queues:103:5)
[2026-01-05T16:20:15.935Z] Report Attendance Error: Unknown column 'da.status' in 'field list'
Stack: Error: Unknown column 'da.status' in 'field list'
    at PromisePool.query (C:\Users\Admin\Desktop\attendance\backend-server\node_modules\mysql2\lib\promise\pool.js:36:22)
    at Object.query (C:\Users\Admin\Desktop\attendance\backend-server\src\config\database.js:34:34)
    at exports.getAttendanceReport (C:\Users\Admin\Desktop\attendance\backend-server\src\controllers\report.controller.js:49:33)
    at Layer.handle [as handle_request] (C:\Users\Admin\Desktop\attendance\backend-server\node_modules\express\lib\router\layer.js:95:5)
    at next (C:\Users\Admin\Desktop\attendance\backend-server\node_modules\express\lib\router\route.js:149:13)
    at exports.authenticate (C:\Users\Admin\Desktop\attendance\backend-server\src\middleware\auth.middleware.js:17:5)
    at Layer.handle [as handle_request] (C:\Users\Admin\Desktop\attendance\backend-server\node_modules\express\lib\router\layer.js:95:5)
    at next (C:\Users\Admin\Desktop\attendance\backend-server\node_modules\express\lib\router\route.js:149:13)
    at Route.dispatch (C:\Users\Admin\Desktop\attendance\backend-server\node_modules\express\lib\router\route.js:119:3)
    at Layer.handle [as handle_request] (C:\Users\Admin\Desktop\attendance\backend-server\node_modules\express\lib\router\layer.js:95:5)
[2026-01-05T16:20:16.126Z] Report Summary Error: Cannot read properties of undefined (reading 'present_days')
Stack: TypeError: Cannot read properties of undefined (reading 'present_days')
    at exports.getSummaryStats (C:\Users\Admin\Desktop\attendance\backend-server\src\controllers\report.controller.js:104:39)
    at process.processTicksAndRejections (node:internal/process/task_queues:103:5)
[2026-01-05T16:20:16.140Z] Report Attendance Error: Unknown column 'da.status' in 'field list'
Stack: Error: Unknown column 'da.status' in 'field list'
    at PromisePool.query (C:\Users\Admin\Desktop\attendance\backend-server\node_modules\mysql2\lib\promise\pool.js:36:22)
    at Object.query (C:\Users\Admin\Desktop\attendance\backend-server\src\config\database.js:34:34)
    at exports.getAttendanceReport (C:\Users\Admin\Desktop\attendance\backend-server\src\controllers\report.controller.js:49:33)
    at Layer.handle [as handle_request] (C:\Users\Admin\Desktop\attendance\backend-server\node_modules\express\lib\router\layer.js:95:5)
    at next (C:\Users\Admin\Desktop\attendance\backend-server\node_modules\express\lib\router\route.js:149:13)
    at exports.authenticate (C:\Users\Admin\Desktop\attendance\backend-server\src\middleware\auth.middleware.js:17:5)
    at Layer.handle [as handle_request] (C:\Users\Admin\Desktop\attendance\backend-server\node_modules\express\lib\router\layer.js:95:5)
    at next (C:\Users\Admin\Desktop\attendance\backend-server\node_modules\express\lib\router\route.js:149:13)
    at Route.dispatch (C:\Users\Admin\Desktop\attendance\backend-server\node_modules\express\lib\router\route.js:119:3)
    at Layer.handle [as handle_request] (C:\Users\Admin\Desktop\attendance\backend-server\node_modules\express\lib\router\layer.js:95:5)
[2026-01-09T06:10:26.354Z] Screenshot Error: Cannot add or update a child row: a foreign key constraint fails (`employee_monitoring`.`screenshots`, CONSTRAINT `screenshots_ibfk_1` FOREIGN KEY (`employee_id`) REFERENCES `employees` (`id`) ON DELETE CASCADE)
Stack: Error: Cannot add or update a child row: a foreign key constraint fails (`employee_monitoring`.`screenshots`, CONSTRAINT `screenshots_ibfk_1` FOREIGN KEY (`employee_id`) REFERENCES `employees` (`id`) ON DELETE CASCADE)
    at PromisePool.query (C:\Users\Admin\Desktop\attendance\backend-server\node_modules\mysql2\lib\promise\pool.js:36:22)
    at Object.query (C:\Users\Admin\Desktop\attendance\backend-server\src\config\database.js:34:34)
    at exports.saveScreenshotMetadata (C:\Users\Admin\Desktop\attendance\backend-server\src\services\screenshot.service.js:54:14)
    at C:\Users\Admin\Desktop\attendance\backend-server\src\controllers\screenshot.controller.js:71:51
    at done (C:\Users\Admin\Desktop\attendance\backend-server\node_modules\multer\lib\make-middleware.js:47:7)
    at indicateDone (C:\Users\Admin\Desktop\attendance\backend-server\node_modules\multer\lib\make-middleware.js:51:68)
    at C:\Users\Admin\Desktop\attendance\backend-server\node_modules\multer\lib\make-middleware.js:157:11
    at WriteStream.<anonymous> (C:\Users\Admin\Desktop\attendance\backend-server\node_modules\multer\storage\disk.js:43:9)
    at WriteStream.emit (node:events:520:35)
    at finish (node:internal/streams/writable:953:10)
[2026-01-09T06:19:25.399Z] Screenshot Error: Cannot add or update a child row: a foreign key constraint fails (`employee_monitoring`.`screenshots`, CONSTRAINT `screenshots_ibfk_1` FOREIGN KEY (`employee_id`) REFERENCES `employees` (`id`) ON DELETE CASCADE)
Stack: Error: Cannot add or update a child row: a foreign key constraint fails (`employee_monitoring`.`screenshots`, CONSTRAINT `screenshots_ibfk_1` FOREIGN KEY (`employee_id`) REFERENCES `employees` (`id`) ON DELETE CASCADE)
    at PromisePool.query (C:\Users\Admin\Desktop\attendance\backend-server\node_modules\mysql2\lib\promise\pool.js:36:22)
    at Object.query (C:\Users\Admin\Desktop\attendance\backend-server\src\config\database.js:34:34)
    at exports.saveScreenshotMetadata (C:\Users\Admin\Desktop\attendance\backend-server\src\services\screenshot.service.js:54:14)
    at C:\Users\Admin\Desktop\attendance\backend-server\src\controllers\screenshot.controller.js:71:51
    at done (C:\Users\Admin\Desktop\attendance\backend-server\node_modules\multer\lib\make-middleware.js:47:7)
    at indicateDone (C:\Users\Admin\Desktop\attendance\backend-server\node_modules\multer\lib\make-middleware.js:51:68)
    at C:\Users\Admin\Desktop\attendance\backend-server\node_modules\multer\lib\make-middleware.js:157:11
    at WriteStream.<anonymous> (C:\Users\Admin\Desktop\attendance\backend-server\node_modules\multer\storage\disk.js:43:9)
    at WriteStream.emit (node:events:520:35)
    at finish (node:internal/streams/writable:953:10)
[2026-01-09T06:32:45.573Z] Screenshot Error: Cannot add or update a child row: a foreign key constraint fails (`employee_monitoring`.`screenshots`, CONSTRAINT `screenshots_ibfk_1` FOREIGN KEY (`employee_id`) REFERENCES `employees` (`id`) ON DELETE CASCADE)
Stack: Error: Cannot add or update a child row: a foreign key constraint fails (`employee_monitoring`.`screenshots`, CONSTRAINT `screenshots_ibfk_1` FOREIGN KEY (`employee_id`) REFERENCES `employees` (`id`) ON DELETE CASCADE)
    at PromisePool.query (C:\Users\Admin\Desktop\attendance\backend-server\node_modules\mysql2\lib\promise\pool.js:36:22)
    at Object.query (C:\Users\Admin\Desktop\attendance\backend-server\src\config\database.js:34:34)
    at exports.saveScreenshotMetadata (C:\Users\Admin\Desktop\attendance\backend-server\src\services\screenshot.service.js:54:14)
    at C:\Users\Admin\Desktop\attendance\backend-server\src\controllers\screenshot.controller.js:71:51
    at done (C:\Users\Admin\Desktop\attendance\backend-server\node_modules\multer\lib\make-middleware.js:47:7)
    at indicateDone (C:\Users\Admin\Desktop\attendance\backend-server\node_modules\multer\lib\make-middleware.js:51:68)
    at C:\Users\Admin\Desktop\attendance\backend-server\node_modules\multer\lib\make-middleware.js:157:11
    at WriteStream.<anonymous> (C:\Users\Admin\Desktop\attendance\backend-server\node_modules\multer\storage\disk.js:43:9)
    at WriteStream.emit (node:events:520:35)
    at finish (node:internal/streams/writable:953:10)
[2026-01-09T06:37:55.327Z] Screenshot Error: Cannot add or update a child row: a foreign key constraint fails (`employee_monitoring`.`screenshots`, CONSTRAINT `screenshots_ibfk_1` FOREIGN KEY (`employee_id`) REFERENCES `employees` (`id`) ON DELETE CASCADE)
Stack: Error: Cannot add or update a child row: a foreign key constraint fails (`employee_monitoring`.`screenshots`, CONSTRAINT `screenshots_ibfk_1` FOREIGN KEY (`employee_id`) REFERENCES `employees` (`id`) ON DELETE CASCADE)
    at PromisePool.query (C:\Users\Admin\Desktop\attendance\backend-server\node_modules\mysql2\lib\promise\pool.js:36:22)
    at Object.query (C:\Users\Admin\Desktop\attendance\backend-server\src\config\database.js:34:34)
    at exports.saveScreenshotMetadata (C:\Users\Admin\Desktop\attendance\backend-server\src\services\screenshot.service.js:54:14)
    at C:\Users\Admin\Desktop\attendance\backend-server\src\controllers\screenshot.controller.js:71:51
    at done (C:\Users\Admin\Desktop\attendance\backend-server\node_modules\multer\lib\make-middleware.js:47:7)
    at indicateDone (C:\Users\Admin\Desktop\attendance\backend-server\node_modules\multer\lib\make-middleware.js:51:68)
    at C:\Users\Admin\Desktop\attendance\backend-server\node_modules\multer\lib\make-middleware.js:157:11
    at WriteStream.<anonymous> (C:\Users\Admin\Desktop\attendance\backend-server\node_modules\multer\storage\disk.js:43:9)
    at WriteStream.emit (node:events:520:35)
    at finish (node:internal/streams/writable:953:10)
[2026-01-09T06:42:55.251Z] Screenshot Error: Cannot add or update a child row: a foreign key constraint fails (`employee_monitoring`.`screenshots`, CONSTRAINT `screenshots_ibfk_1` FOREIGN KEY (`employee_id`) REFERENCES `employees` (`id`) ON DELETE CASCADE)
Stack: Error: Cannot add or update a child row: a foreign key constraint fails (`employee_monitoring`.`screenshots`, CONSTRAINT `screenshots_ibfk_1` FOREIGN KEY (`employee_id`) REFERENCES `employees` (`id`) ON DELETE CASCADE)
    at PromisePool.query (C:\Users\Admin\Desktop\attendance\backend-server\node_modules\mysql2\lib\promise\pool.js:36:22)
    at Object.query (C:\Users\Admin\Desktop\attendance\backend-server\src\config\database.js:34:34)
    at exports.saveScreenshotMetadata (C:\Users\Admin\Desktop\attendance\backend-server\src\services\screenshot.service.js:54:14)
    at C:\Users\Admin\Desktop\attendance\backend-server\src\controllers\screenshot.controller.js:71:51
    at done (C:\Users\Admin\Desktop\attendance\backend-server\node_modules\multer\lib\make-middleware.js:47:7)
    at indicateDone (C:\Users\Admin\Desktop\attendance\backend-server\node_modules\multer\lib\make-middleware.js:51:68)
    at C:\Users\Admin\Desktop\attendance\backend-server\node_modules\multer\lib\make-middleware.js:157:11
    at WriteStream.<anonymous> (C:\Users\Admin\Desktop\attendance\backend-server\node_modules\multer\storage\disk.js:43:9)
    at WriteStream.emit (node:events:520:35)
    at finish (node:internal/streams/writable:953:10)
[2026-01-09T06:56:31.879Z] Screenshot Error: Cannot add or update a child row: a foreign key constraint fails (`employee_monitoring`.`screenshots`, CONSTRAINT `screenshots_ibfk_1` FOREIGN KEY (`employee_id`) REFERENCES `employees` (`id`) ON DELETE CASCADE)
Stack: Error: Cannot add or update a child row: a foreign key constraint fails (`employee_monitoring`.`screenshots`, CONSTRAINT `screenshots_ibfk_1` FOREIGN KEY (`employee_id`) REFERENCES `employees` (`id`) ON DELETE CASCADE)
    at PromisePool.query (C:\Users\Admin\Desktop\attendance\backend-server\node_modules\mysql2\lib\promise\pool.js:36:22)
    at Object.query (C:\Users\Admin\Desktop\attendance\backend-server\src\config\database.js:34:34)
    at exports.saveScreenshotMetadata (C:\Users\Admin\Desktop\attendance\backend-server\src\services\screenshot.service.js:54:14)
    at C:\Users\Admin\Desktop\attendance\backend-server\src\controllers\screenshot.controller.js:71:51
    at done (C:\Users\Admin\Desktop\attendance\backend-server\node_modules\multer\lib\make-middleware.js:47:7)
    at indicateDone (C:\Users\Admin\Desktop\attendance\backend-server\node_modules\multer\lib\make-middleware.js:51:68)
    at C:\Users\Admin\Desktop\attendance\backend-server\node_modules\multer\lib\make-middleware.js:157:11
    at WriteStream.<anonymous> (C:\Users\Admin\Desktop\attendance\backend-server\node_modules\multer\storage\disk.js:43:9)
    at WriteStream.emit (node:events:520:35)
    at finish (node:internal/streams/writable:953:10)
[2026-01-09T07:20:19.035Z] Screenshot Error: Cannot add or update a child row: a foreign key constraint fails (`employee_monitoring`.`screenshots`, CONSTRAINT `screenshots_ibfk_1` FOREIGN KEY (`employee_id`) REFERENCES `employees` (`id`) ON DELETE CASCADE)
Stack: Error: Cannot add or update a child row: a foreign key constraint fails (`employee_monitoring`.`screenshots`, CONSTRAINT `screenshots_ibfk_1` FOREIGN KEY (`employee_id`) REFERENCES `employees` (`id`) ON DELETE CASCADE)
    at PromisePool.query (C:\Users\Admin\Desktop\attendance\backend-server\node_modules\mysql2\lib\promise\pool.js:36:22)
    at Object.query (C:\Users\Admin\Desktop\attendance\backend-server\src\config\database.js:34:34)
    at exports.saveScreenshotMetadata (C:\Users\Admin\Desktop\attendance\backend-server\src\services\screenshot.service.js:54:14)
    at C:\Users\Admin\Desktop\attendance\backend-server\src\controllers\screenshot.controller.js:71:51
    at done (C:\Users\Admin\Desktop\attendance\backend-server\node_modules\multer\lib\make-middleware.js:47:7)
    at indicateDone (C:\Users\Admin\Desktop\attendance\backend-server\node_modules\multer\lib\make-middleware.js:51:68)
    at C:\Users\Admin\Desktop\attendance\backend-server\node_modules\multer\lib\make-middleware.js:157:11
    at WriteStream.<anonymous> (C:\Users\Admin\Desktop\attendance\backend-server\node_modules\multer\storage\disk.js:43:9)
    at WriteStream.emit (node:events:520:35)
    at finish (node:internal/streams/writable:953:10)
